[15:10:55] [main/INFO] [GradleStart]: Extra: []
[15:10:55] [main/INFO] [GradleStart]: Running with arguments: [--tweakClass, net.minecraftforge.fml.common.launcher.FMLServerTweaker, --tweakClass, net.minecraftforge.gradle.tweakers.CoremodTweaker]
[15:10:55] [main/INFO] [LaunchWrapper]: Loading tweak class name net.minecraftforge.fml.common.launcher.FMLServerTweaker
[15:10:55] [main/INFO] [LaunchWrapper]: Using primary tweak class name net.minecraftforge.fml.common.launcher.FMLServerTweaker
[15:10:55] [main/INFO] [LaunchWrapper]: Loading tweak class name net.minecraftforge.gradle.tweakers.CoremodTweaker
[15:10:55] [main/INFO] [LaunchWrapper]: Calling tweak class net.minecraftforge.fml.common.launcher.FMLServerTweaker
[15:10:57] [main/INFO] [FML]: Forge Mod Loader version 14.23.3.2673 for Minecraft 1.12.2 loading
[15:10:57] [main/INFO] [FML]: Java is Java HotSpot(TM) 64-Bit Server VM, version 1.8.0_171, running on Linux:amd64:4.4.0-119-generic, installed at /usr/lib/jvm/java-8-oracle/jre
[15:10:57] [main/ERROR] [FML]: Apache Maven library folder was not in the format expected: /home/frontrider/.gradle/caches/modules-2/files-2.1/org.apache.maven/maven-artifact/3.5.3/7dc72b6d6d8a6dced3d294ed54c2cc3515ade9f4/maven-artifact-3.5.3.jar. Using default libraries directory.
[15:10:58] [main/INFO] [FML]: Managed to load a deobfuscated Minecraft name- we are in a deobfuscated environment. Skipping runtime deobfuscation
[15:10:58] [main/INFO] [FML]: Ignoring missing certificate for coremod FMLCorePlugin (net.minecraftforge.fml.relauncher.FMLCorePlugin), we are in deobf and it's a forge core plugin
[15:10:58] [main/INFO] [FML]: Ignoring missing certificate for coremod FMLForgePlugin (net.minecraftforge.classloading.FMLForgePlugin), we are in deobf and it's a forge core plugin
[15:10:58] [main/INFO] [FML]: Searching /home/frontrider/javaproj/flying apparatus/server/./mods for mods
[15:10:58] [main/INFO] [LaunchWrapper]: Calling tweak class net.minecraftforge.gradle.tweakers.CoremodTweaker
[15:10:58] [main/INFO] [GradleStart]: Injecting location in coremod net.minecraftforge.fml.relauncher.FMLCorePlugin
[15:10:58] [main/INFO] [GradleStart]: Injecting location in coremod net.minecraftforge.classloading.FMLForgePlugin
[15:10:58] [main/INFO] [LaunchWrapper]: Loading tweak class name net.minecraftforge.fml.common.launcher.FMLInjectionAndSortingTweaker
[15:10:58] [main/INFO] [LaunchWrapper]: Loading tweak class name net.minecraftforge.fml.common.launcher.FMLDeobfTweaker
[15:10:58] [main/INFO] [LaunchWrapper]: Loading tweak class name net.minecraftforge.gradle.tweakers.AccessTransformerTweaker
[15:10:58] [main/INFO] [LaunchWrapper]: Calling tweak class net.minecraftforge.fml.common.launcher.FMLInjectionAndSortingTweaker
[15:10:58] [main/INFO] [LaunchWrapper]: Calling tweak class net.minecraftforge.fml.common.launcher.FMLInjectionAndSortingTweaker
[15:10:58] [main/INFO] [LaunchWrapper]: Calling tweak class net.minecraftforge.fml.relauncher.CoreModManager$FMLPluginWrapper
[15:11:02] [main/ERROR] [FML]: FML appears to be missing any signature data. This is not a good thing
[15:11:02] [main/INFO] [LaunchWrapper]: Calling tweak class net.minecraftforge.fml.relauncher.CoreModManager$FMLPluginWrapper
[15:11:02] [main/INFO] [LaunchWrapper]: Calling tweak class net.minecraftforge.fml.common.launcher.FMLDeobfTweaker
[15:11:04] [main/INFO] [LaunchWrapper]: Calling tweak class net.minecraftforge.gradle.tweakers.AccessTransformerTweaker
[15:11:04] [main/INFO] [GradleStart]: Remapping AccessTransformer rules...
[15:11:04] [main/INFO] [LaunchWrapper]: Loading tweak class name net.minecraftforge.fml.common.launcher.TerminalTweaker
[15:11:04] [main/INFO] [LaunchWrapper]: Calling tweak class net.minecraftforge.fml.common.launcher.TerminalTweaker
[15:11:06] [main/INFO] [LaunchWrapper]: Launching wrapped minecraft {net.minecraft.server.MinecraftServer}
[15:11:22] [Server thread/INFO] [net.minecraft.server.dedicated.DedicatedServer]: Starting minecraft server version 1.12.2
[15:11:22] [Server thread/INFO] [FML]: MinecraftForge v14.23.3.2673 Initialized
[15:11:22] [Server thread/INFO] [FML]: Starts to replace vanilla recipe ingredients with ore ingredients.
[15:11:23] [Server thread/INFO] [FML]: Replaced 1036 ore ingredients
[15:11:26] [Server thread/INFO] [FML]: Searching /home/frontrider/javaproj/flying apparatus/server/./mods for mods
[15:11:32] [Server thread/WARN] [FML]: Mod codechickenlib is missing the required element 'version' and a version.properties file could not be found. Falling back to metadata version 3.1.7.340
[15:11:33] [Server thread/INFO] [FML]: Forge Mod Loader has identified 11 mods to load
[15:11:33] [Server thread/WARN] [FML]: Missing English translation for FML: assets/fml/lang/en_us.lang
[15:11:33] [Server thread/WARN] [FML]: Missing English translation for cofhcore: assets/cofhcore/lang/en_us.lang
[15:11:33] [Server thread/WARN] [FML]: Missing English translation for redstoneflux: assets/redstoneflux/lang/en_us.lang
[15:11:33] [Server thread/WARN] [FML]: Missing English translation for codechickenlib: assets/codechickenlib/lang/en_us.lang
[15:11:33] [Server Shutdown Thread/INFO] [net.minecraft.server.MinecraftServer]: Stopping server
[15:11:33] [Server Shutdown Thread/INFO] [net.minecraft.server.MinecraftServer]: Saving worlds
